<?xml version="1.0" encoding="UTF-8"?>
<!-- Generated by org.testng.reporters.JUnitReportReporter -->
<testsuite hostname="DESKTOP-6PM4V7G" failures="0" tests="1" name="testes.TableTest" time="8.470" errors="0" timestamp="2023-12-28T09:32:38 IST" skipped="0">
  <testcase classname="testes.TableTest" name="verifyPersonOffice" time="8.470"/>
  <system-out/>
</testsuite> <!-- testes.TableTest -->
