<?xml version="1.0" encoding="UTF-8"?>
<!-- Generated by org.testng.reporters.JUnitReportReporter -->
<testsuite hostname="DESKTOP-6PM4V7G" failures="0" tests="1" name="testes.LIstBoxTest" time="12.267" errors="0" timestamp="2023-12-17T23:00:47 IST" skipped="0">
  <testcase classname="testes.LIstBoxTest" name="verify_alert_message_displayed" time="12.267"/>
  <system-out/>
</testsuite> <!-- testes.LIstBoxTest -->
