<?xml version="1.0" encoding="UTF-8"?>
<!-- Generated by org.testng.reporters.JUnitReportReporter -->
<testsuite hostname="DESKTOP-6PM4V7G" failures="0" tests="1" name="testes.InputFormTest" time="55.987" errors="0" timestamp="2023-12-15T07:03:41 IST" skipped="0">
  <testcase classname="testes.InputFormTest" name="verify_message" time="55.987"/>
  <system-out/>
</testsuite> <!-- testes.InputFormTest -->
