<?xml version="1.0" encoding="UTF-8"?>
<!-- Generated by org.testng.reporters.JUnitReportReporter -->
<testsuite hostname="DESKTOP-6PM4V7G" failures="0" tests="1" name="testes.DatePickerTest" time="11.032" errors="0" timestamp="2023-12-18T22:15:28 IST" skipped="0">
  <testcase classname="testes.DatePickerTest" name="verify_ToChooseDate" time="11.032"/>
  <system-out/>
</testsuite> <!-- testes.DatePickerTest -->
